<?xml version="1.0" encoding="UTF-8"?>
<testng-results ignored="0" total="8" passed="7" failed="1" skipped="0">
  <reporter-output>
  </reporter-output>
  <suite started-at="2022-10-05T12:28:04Z" name="Default suite" finished-at="2022-10-05T12:40:56Z" duration-ms="772064">
    <groups>
    </groups>
    <test started-at="2022-10-05T12:28:04Z" name="Default test" finished-at="2022-10-05T12:40:56Z" duration-ms="772064">
      <class name="com.Runner.Local_Host">
        <test-method is-config="true" signature="LaunchBrwoser()[pri:0, instance:com.Runner.Local_Host@302f7971]" started-at="2022-10-05T17:58:04Z" name="LaunchBrwoser" finished-at="2022-10-05T17:58:25Z" duration-ms="21452" status="PASS">
          <reporter-output>
          </reporter-output>
        </test-method> <!-- LaunchBrwoser -->
        <test-method signature="HomeModule()[pri:0, instance:com.Runner.Local_Host@302f7971]" started-at="2022-10-05T17:58:25Z" name="HomeModule" finished-at="2022-10-05T17:58:47Z" duration-ms="21899" status="PASS">
          <reporter-output>
          </reporter-output>
        </test-method> <!-- HomeModule -->
        <test-method signature="PatientModule()[pri:1, instance:com.Runner.Local_Host@302f7971]" started-at="2022-10-05T17:58:47Z" name="PatientModule" finished-at="2022-10-05T17:59:12Z" duration-ms="24584" status="PASS">
          <reporter-output>
          </reporter-output>
        </test-method> <!-- PatientModule -->
        <test-method signature="HealthRec()[pri:2, instance:com.Runner.Local_Host@302f7971]" started-at="2022-10-05T17:59:12Z" name="HealthRec" finished-at="2022-10-05T18:06:08Z" duration-ms="416669" status="PASS">
          <reporter-output>
          </reporter-output>
        </test-method> <!-- HealthRec -->
        <test-method signature="calendar()[pri:3, instance:com.Runner.Local_Host@302f7971]" started-at="2022-10-05T18:06:08Z" name="calendar" finished-at="2022-10-05T18:06:39Z" duration-ms="30283" status="PASS">
          <reporter-output>
          </reporter-output>
        </test-method> <!-- calendar -->
        <test-method signature="BillingModule()[pri:4, instance:com.Runner.Local_Host@302f7971]" started-at="2022-10-05T18:06:39Z" name="BillingModule" finished-at="2022-10-05T18:07:55Z" duration-ms="76064" status="PASS">
          <reporter-output>
          </reporter-output>
        </test-method> <!-- BillingModule -->
        <test-method signature="TeleDoctor()[pri:5, instance:com.Runner.Local_Host@302f7971]" started-at="2022-10-05T18:07:55Z" name="TeleDoctor" finished-at="2022-10-05T18:08:07Z" duration-ms="12138" status="PASS">
          <reporter-output>
          </reporter-output>
        </test-method> <!-- TeleDoctor -->
        <test-method signature="Message()[pri:6, instance:com.Runner.Local_Host@302f7971]" started-at="2022-10-05T18:08:07Z" name="Message" finished-at="2022-10-05T18:08:13Z" duration-ms="6406" status="PASS">
          <reporter-output>
          </reporter-output>
        </test-method> <!-- Message -->
        <test-method signature="Settings()[pri:7, instance:com.Runner.Local_Host@302f7971]" started-at="2022-10-05T18:08:13Z" name="Settings" finished-at="2022-10-05T18:10:56Z" duration-ms="162517" status="FAIL">
          <exception class="org.openqa.selenium.ElementClickInterceptedException">
            <message>
              <![CDATA[element click intercepted: Element <button id="edit-print-preference" class="dropdown-toggle settings-heading settings-buttonColor settings-button">...</button> is not clickable at point (372, 592). Other element would receive the click: <div class="col-xs-12 settings-heading settings-textColor">...</div>
  (Session info: chrome=106.0.5249.91)
Build info: version: '3.141.59', revision: 'e82be7d358', time: '2018-11-14T08:17:03'
System info: host: 'WORKPC', ip: '192.168.29.72', os.name: 'Windows 10', os.arch: 'amd64', os.version: '10.0', java.version: '17.0.3'
Driver info: org.openqa.selenium.chrome.ChromeDriver
Capabilities {acceptInsecureCerts: false, browserName: chrome, browserVersion: 106.0.5249.91, chrome: {chromedriverVersion: 105.0.5195.52 (412c95e51883..., userDataDir: C:\Users\Admin\AppData\Loca...}, goog:chromeOptions: {debuggerAddress: localhost:58154}, javascriptEnabled: true, networkConnectionEnabled: false, pageLoadStrategy: normal, platform: WINDOWS, platformName: WINDOWS, proxy: Proxy(), setWindowRect: true, strictFileInteractability: false, timeouts: {implicit: 0, pageLoad: 300000, script: 30000}, unhandledPromptBehavior: dismiss and notify, webauthn:extension:credBlob: true, webauthn:extension:largeBlob: true, webauthn:virtualAuthenticators: true}
Session ID: c70c10c6ced044ecbebaafe96a926734]]>
            </message>
            <full-stacktrace>
              <![CDATA[org.openqa.selenium.ElementClickInterceptedException: element click intercepted: Element <button id="edit-print-preference" class="dropdown-toggle settings-heading settings-buttonColor settings-button">...</button> is not clickable at point (372, 592). Other element would receive the click: <div class="col-xs-12 settings-heading settings-textColor">...</div>
  (Session info: chrome=106.0.5249.91)
Build info: version: '3.141.59', revision: 'e82be7d358', time: '2018-11-14T08:17:03'
System info: host: 'WORKPC', ip: '192.168.29.72', os.name: 'Windows 10', os.arch: 'amd64', os.version: '10.0', java.version: '17.0.3'
Driver info: org.openqa.selenium.chrome.ChromeDriver
Capabilities {acceptInsecureCerts: false, browserName: chrome, browserVersion: 106.0.5249.91, chrome: {chromedriverVersion: 105.0.5195.52 (412c95e51883..., userDataDir: C:\Users\Admin\AppData\Loca...}, goog:chromeOptions: {debuggerAddress: localhost:58154}, javascriptEnabled: true, networkConnectionEnabled: false, pageLoadStrategy: normal, platform: WINDOWS, platformName: WINDOWS, proxy: Proxy(), setWindowRect: true, strictFileInteractability: false, timeouts: {implicit: 0, pageLoad: 300000, script: 30000}, unhandledPromptBehavior: dismiss and notify, webauthn:extension:credBlob: true, webauthn:extension:largeBlob: true, webauthn:virtualAuthenticators: true}
Session ID: c70c10c6ced044ecbebaafe96a926734
	at java.base/jdk.internal.reflect.NativeConstructorAccessorImpl.newInstance0(Native Method)
	at java.base/jdk.internal.reflect.NativeConstructorAccessorImpl.newInstance(NativeConstructorAccessorImpl.java:77)
	at java.base/jdk.internal.reflect.DelegatingConstructorAccessorImpl.newInstance(DelegatingConstructorAccessorImpl.java:45)
	at java.base/java.lang.reflect.Constructor.newInstanceWithCaller(Constructor.java:499)
	at java.base/java.lang.reflect.Constructor.newInstance(Constructor.java:480)
	at org.openqa.selenium.remote.http.W3CHttpResponseCodec.createException(W3CHttpResponseCodec.java:187)
	at org.openqa.selenium.remote.http.W3CHttpResponseCodec.decode(W3CHttpResponseCodec.java:122)
	at org.openqa.selenium.remote.http.W3CHttpResponseCodec.decode(W3CHttpResponseCodec.java:49)
	at org.openqa.selenium.remote.HttpCommandExecutor.execute(HttpCommandExecutor.java:158)
	at org.openqa.selenium.remote.service.DriverCommandExecutor.execute(DriverCommandExecutor.java:83)
	at org.openqa.selenium.remote.RemoteWebDriver.execute(RemoteWebDriver.java:552)
	at org.openqa.selenium.remote.RemoteWebElement.execute(RemoteWebElement.java:285)
	at org.openqa.selenium.remote.RemoteWebElement.click(RemoteWebElement.java:84)
	at com.Runner.Local_Host.Settings(Local_Host.java:3216)
	at java.base/jdk.internal.reflect.NativeMethodAccessorImpl.invoke0(Native Method)
	at java.base/jdk.internal.reflect.NativeMethodAccessorImpl.invoke(NativeMethodAccessorImpl.java:77)
	at java.base/jdk.internal.reflect.DelegatingMethodAccessorImpl.invoke(DelegatingMethodAccessorImpl.java:43)
	at java.base/java.lang.reflect.Method.invoke(Method.java:568)
	at org.testng.internal.MethodInvocationHelper.invokeMethod(MethodInvocationHelper.java:104)
	at org.testng.internal.Invoker.invokeMethod(Invoker.java:645)
	at org.testng.internal.Invoker.invokeTestMethod(Invoker.java:851)
	at org.testng.internal.Invoker.invokeTestMethods(Invoker.java:1177)
	at org.testng.internal.TestMethodWorker.invokeTestMethods(TestMethodWorker.java:129)
	at org.testng.internal.TestMethodWorker.run(TestMethodWorker.java:112)
	at org.testng.TestRunner.privateRun(TestRunner.java:756)
	at org.testng.TestRunner.run(TestRunner.java:610)
	at org.testng.SuiteRunner.runTest(SuiteRunner.java:387)
	at org.testng.SuiteRunner.runSequentially(SuiteRunner.java:382)
	at org.testng.SuiteRunner.privateRun(SuiteRunner.java:340)
	at org.testng.SuiteRunner.run(SuiteRunner.java:289)
	at org.testng.SuiteRunnerWorker.runSuite(SuiteRunnerWorker.java:52)
	at org.testng.SuiteRunnerWorker.run(SuiteRunnerWorker.java:86)
	at org.testng.TestNG.runSuitesSequentially(TestNG.java:1293)
	at org.testng.TestNG.runSuitesLocally(TestNG.java:1218)
	at org.testng.TestNG.runSuites(TestNG.java:1133)
	at org.testng.TestNG.run(TestNG.java:1104)
	at org.testng.remote.AbstractRemoteTestNG.run(AbstractRemoteTestNG.java:115)
	at org.testng.remote.RemoteTestNG.initAndRun(RemoteTestNG.java:251)
	at org.testng.remote.RemoteTestNG.main(RemoteTestNG.java:77)
]]>
            </full-stacktrace>
          </exception> <!-- org.openqa.selenium.ElementClickInterceptedException -->
          <reporter-output>
          </reporter-output>
        </test-method> <!-- Settings -->
      </class> <!-- com.Runner.Local_Host -->
    </test> <!-- Default test -->
  </suite> <!-- Default suite -->
</testng-results>
