<?xml version="1.0" encoding="UTF-8"?>
<testng-results ignored="5" total="8" passed="3" failed="0" skipped="0">
  <reporter-output>
  </reporter-output>
  <suite started-at="2022-10-10T10:13:50Z" name="Default suite" finished-at="2022-10-10T10:22:22Z" duration-ms="512268">
    <groups>
    </groups>
    <test started-at="2022-10-10T10:13:50Z" name="Default test" finished-at="2022-10-10T10:22:22Z" duration-ms="512268">
      <class name="com.Runner.Local_Host">
        <test-method is-config="true" signature="LaunchBrwoser()[pri:0, instance:com.Runner.Local_Host@302f7971]" started-at="2022-10-10T15:43:50Z" name="LaunchBrwoser" finished-at="2022-10-10T15:44:12Z" duration-ms="21576" status="PASS">
          <reporter-output>
          </reporter-output>
        </test-method> <!-- LaunchBrwoser -->
        <test-method signature="HomeModule()[pri:0, instance:com.Runner.Local_Host@302f7971]" started-at="2022-10-10T15:44:12Z" name="HomeModule" finished-at="2022-10-10T15:44:35Z" duration-ms="23744" status="PASS">
          <reporter-output>
          </reporter-output>
        </test-method> <!-- HomeModule -->
        <test-method signature="PatientModule()[pri:1, instance:com.Runner.Local_Host@302f7971]" started-at="2022-10-10T15:44:35Z" name="PatientModule" finished-at="2022-10-10T15:45:01Z" duration-ms="25598" status="PASS">
          <reporter-output>
          </reporter-output>
        </test-method> <!-- PatientModule -->
        <test-method signature="HealthRec()[pri:2, instance:com.Runner.Local_Host@302f7971]" started-at="2022-10-10T15:45:01Z" name="HealthRec" finished-at="2022-10-10T15:52:22Z" duration-ms="441324" status="PASS">
          <reporter-output>
          </reporter-output>
        </test-method> <!-- HealthRec -->
      </class> <!-- com.Runner.Local_Host -->
    </test> <!-- Default test -->
  </suite> <!-- Default suite -->
</testng-results>
